7 1(2)
8 7(2)
2415 1(5)
15 9(2)
812 6(4)
12697 8(5)
3 3(2)
12152 7(5)
15872 1(6)
528 4(4)
7246 3(5)
18 2(2)
6 1(2)
9803 6(5)
2923 2(5)
7 3(2)
7 1(2)
8 3(2)
145 1(4)
2848 2(5)
12152 7(5)
17 7(2)
65 5(3)
5 2(2)
12 2(2)
6 1(2)
9803 6(5)
128 1(4)
5 2(2)
3173 2(5)
12151 7(5)
10 9(2)
5697 4(5)
2 1(2)
8 1(2)
8 7(2)
145 1(4)
9578 5(5)
6410 3(5)
6 1(2)
4 2(2)
8 7(2)
1083 8(4)
8 1(2)
35841 2(6)
7 3(2)
12 6(2)
15 2(2)
270 2(4)
73 4(3)
7 1(2)
5 1(2)
4 4(2)
1542 1(5)
4 4(2)
1291 1(5)
8 1(2)
12697 8(5)
9802 6(5)
6535 4(5)
1461 1(5)
30 5(2)
12152 7(5)
13 2(2)
4 2(2)
4 4(2)
8960 5(5)
16 1(3)
9803 6(5)
9803 6(5)
12151 7(5)
95785 5(6)
9803 6(5)
15872 1(6)
1 1(2)
4 4(2)
12151 7(5)
6 1(2)
6172 4(5)
9578 5(5)
65 5(3)
5207 3(5)
6 1(2)
2848 2(5)
3 3(2)
7 4(2)
6535 4(5)
5207 3(5)
15 2(2)
2848 2(5)
4831 2(5)
3 3(2)
8 1(2)
10 1(2)
6 2(2)
5697 4(5)
4830 2(5)
645 5(4)
102 5(3)
15 8(2)
60 3(3)
15 8(2)
15325 8(5)
3 3(2)
1542 1(5)
12151 7(5)
5 1(2)
528 4(4)
12 7(2)
6172 4(5)
2415 1(5)
13 2(2)
6535 4(5)
12151 7(5)
8 4(2)
145 1(4)
11437 7(5)
15623 9(5)
16 8(2)
6172 4(5)
17093 8(5)
5207 3(5)
145 1(4)
12151 7(5)
9802 6(5)
9803 6(5)
9578 5(5)
20 7(2)
4 4(2)
103358 8(6)
1354 1(5)
7 1(2)
6172 4(5)
10 4(2)
75 4(3)
11 5(2)
11437 7(5)
48 2(3)
1461 1(5)
5375 3(5)
145 1(4)
1041 6(4)
11437 7(5)
6410 3(5)
145 1(4)
1 1(2)
6172 4(5)
10 2(2)
10 4(2)
1 1(2)
9803 6(5)
10 8(2)
145 1(4)
7 1(2)
528 4(4)
7 1(2)
3 3(2)
5207 3(5)
5207 3(5)
3 3(2)
143368 8(6)
12151 7(5)
5 1(2)
8 7(2)
5697 4(5)
9803 6(5)
10 4(2)
6 1(2)
3 3(2)
2 1(2)
5207 3(5)
8 7(2)
65 5(3)
11437 7(5)
1 1(2)
172413 9(6)
103358 8(6)
143 7(3)
26 4(2)
5375 3(5)
5 1(2)
1083 8(4)
145 1(4)
6172 4(5)
6 1(2)
12151 7(5)
9803 6(5)
4 1(2)
11437 7(5)
3 3(2)
5 3(2)
1461 1(5)
22 3(2)
9803 6(5)
2923 2(5)
145 1(4)
1 1(2)
8 7(2)
9803 6(5)
6535 4(5)
