danger 3 danger 1
mov 8 maximum dist is 28.8 ret 8
danger 4 danger 6
pre pnt 1 3
danger 0 danger 1
dist equal mov 9 gss_i 8
mov 9 maximum dist is 25.0 ret 17
danger 0 danger 5
intersection error 
danger 2 danger 0
mov 9 maximum dist is 25.0 ret 26
danger 1 danger 0
dist equal mov 9 gss_i 8
mov 9 maximum dist is 25.0 ret 35
ret : 35

danger 3 danger 1
mov 8 maximum dist is 28.8 ret 8
danger 4 danger 6
pre pnt 1 3
danger 0 danger 1
dist equal mov 9 gss_i 8
mov 9 maximum dist is 25.0 ret 17
danger 0 danger 5
intersection error 
danger 2 danger 0
dist equal mov 9 gss_i 7
mov 7 maximum dist is 24.5 ret 24
danger 1 danger 0
dist equal mov 9 gss_i 8
mov 9 maximum dist is 25.0 ret 33
ret : 33
